{
  "RSpec": {
    "coverage": {
      "/Users/christopherunderwood/Desktop/Hockey_Site/spec/features/add_comment_spec.rb": [
        1,
        1,
        null,
        1,
        1,
        1,
        1,
        1,
        1,
        1,
        1,
        1,
        1,
        1,
        null,
        null
      ],
      "/Users/christopherunderwood/Desktop/Hockey_Site/spec/rails_helper.rb": [
        null,
        1,
        1,
        null,
        1,
        1,
        1,
        1,
        1,
        1,
        null,
        1,
        1,
        null,
        null,
        null,
        null,
        null,
        null,
        null,
        null,
        null,
        null,
        null,
        null,
        null,
        null,
        null,
        null,
        null,
        null,
        null,
        1,
        null,
        1,
        null,
        1,
        null,
        null,
        null,
        null,
        null,
        null,
        1,
        null,
        null,
        1,
        17,
        17,
        null,
        null,
        null,
        null,
        null,
        null,
        null,
        null,
        null,
        null,
        null,
        null,
        null,
        null,
        null,
        null,
        null,
        null,
        null,
        1,
        null,
        null,
        1,
        1,
        1,
        1,
        null,
        null
      ],
      "/Users/christopherunderwood/Desktop/Hockey_Site/config/environment.rb": [
        null,
        1,
        null,
        null,
        1
      ],
      "/Users/christopherunderwood/Desktop/Hockey_Site/config/application.rb": [
        1,
        null,
        1,
        null,
        1,
        1,
        1,
        1,
        1,
        1,
        1,
        null,
        null,
        null,
        null,
        1,
        null,
        1,
        1,
        null,
        null,
        null,
        null,
        null,
        null,
        null,
        null,
        null,
        null,
        null,
        null,
        null,
        1,
        null,
        null
      ],
      "/Users/christopherunderwood/Desktop/Hockey_Site/config/boot.rb": [
        1,
        null,
        1
      ],
      "/Users/christopherunderwood/Desktop/Hockey_Site/config/environments/test.rb": [
        1,
        null,
        null,
        null,
        null,
        null,
        null,
        1,
        null,
        null,
        null,
        null,
        1,
        null,
        null,
        1,
        1,
        null,
        null,
        1,
        1,
        null,
        null,
        1,
        null,
        null,
        1,
        null,
        null,
        null,
        null,
        1,
        null,
        null,
        1,
        null,
        null,
        1,
        null,
        null,
        null,
        null
      ],
      "/Users/christopherunderwood/Desktop/Hockey_Site/config/initializers/assets.rb": [
        null,
        null,
        null,
        1,
        null,
        null,
        null,
        null,
        null,
        null,
        null
      ],
      "/Users/christopherunderwood/Desktop/Hockey_Site/config/initializers/backtrace_silencers.rb": [
        null,
        null,
        null,
        null,
        null,
        null,
        null
      ],
      "/Users/christopherunderwood/Desktop/Hockey_Site/config/initializers/cookies_serializer.rb": [
        null,
        null,
        1
      ],
      "/Users/christopherunderwood/Desktop/Hockey_Site/config/initializers/devise.rb": [
        null,
        null,
        1,
        null,
        null,
        null,
        null,
        null,
        null,
        null,
        null,
        null,
        null,
        null,
        1,
        null,
        null,
        null,
        null,
        null,
        null,
        null,
        null,
        1,
        null,
        null,
        null,
        null,
        null,
        null,
        null,
        null,
        null,
        1,
        null,
        null,
        null,
        null,
        null,
        null,
        null,
        null,
        null,
        null,
        null,
        1,
        null,
        null,
        null,
        null,
        1,
        null,
        null,
        null,
        null,
        null,
        null,
        null,
        null,
        null,
        null,
        null,
        null,
        null,
        null,
        null,
        null,
        null,
        null,
        null,
        null,
        null,
        null,
        null,
        null,
        null,
        null,
        null,
        null,
        null,
        null,
        1,
        null,
        null,
        null,
        null,
        null,
        null,
        null,
        null,
        null,
        null,
        null,
        null,
        null,
        null,
        null,
        null,
        1,
        null,
        null,
        null,
        null,
        null,
        null,
        null,
        null,
        null,
        null,
        null,
        null,
        null,
        null,
        null,
        null,
        null,
        null,
        null,
        null,
        null,
        null,
        null,
        null,
        1,
        null,
        null,
        null,
        null,
        null,
        null,
        null,
        null,
        null,
        1,
        null,
        null,
        null,
        null,
        null,
        null,
        null,
        null,
        null,
        null,
        1,
        null,
        null,
        null,
        null,
        null,
        null,
        null,
        null,
        null,
        null,
        null,
        null,
        null,
        null,
        null,
        null,
        null,
        null,
        null,
        null,
        null,
        null,
        null,
        null,
        null,
        null,
        null,
        null,
        null,
        null,
        null,
        null,
        null,
        null,
        null,
        null,
        null,
        null,
        null,
        null,
        null,
        null,
        null,
        null,
        null,
        1,
        null,
        null,
        null,
        null,
        null,
        null,
        null,
        null,
        null,
        null,
        null,
        null,
        null,
        null,
        null,
        null,
        null,
        null,
        null,
        null,
        null,
        null,
        null,
        null,
        null,
        null,
        null,
        null,
        null,
        null,
        null,
        null,
        null,
        null,
        null,
        null,
        null,
        null,
        null,
        null,
        null,
        1,
        null,
        null,
        null,
        null,
        null,
        null,
        null,
        null,
        null,
        null,
        null,
        null,
        null,
        null,
        null,
        null,
        null,
        null,
        null,
        null,
        null,
        null,
        null,
        null,
        null,
        null,
        null,
        null,
        null
      ],
      "/Users/christopherunderwood/Desktop/Hockey_Site/config/initializers/filter_parameter_logging.rb": [
        null,
        null,
        null,
        1
      ],
      "/Users/christopherunderwood/Desktop/Hockey_Site/config/initializers/inflections.rb": [
        null,
        null,
        null,
        null,
        null,
        null,
        null,
        null,
        null,
        null,
        null,
        null,
        null,
        null,
        null,
        null
      ],
      "/Users/christopherunderwood/Desktop/Hockey_Site/config/initializers/mime_types.rb": [
        null,
        null,
        null,
        null
      ],
      "/Users/christopherunderwood/Desktop/Hockey_Site/config/initializers/session_store.rb": [
        null,
        null,
        1
      ],
      "/Users/christopherunderwood/Desktop/Hockey_Site/config/initializers/wrap_parameters.rb": [
        null,
        null,
        null,
        null,
        null,
        null,
        1,
        1,
        null,
        null,
        null,
        null,
        null,
        null
      ],
      "/Users/christopherunderwood/Desktop/Hockey_Site/config/routes.rb": [
        1,
        1,
        1,
        null,
        1,
        1,
        null,
        null,
        1,
        1,
        null,
        null,
        1,
        1,
        null,
        null,
        1,
        null,
        1,
        null,
        1,
        1,
        null,
        null,
        null,
        null,
        null,
        null,
        null,
        null,
        null,
        null,
        null,
        null,
        null,
        null,
        null,
        null,
        null,
        null,
        null,
        null,
        null,
        null,
        null,
        null,
        null,
        null,
        null,
        null,
        null,
        null,
        null,
        null,
        null,
        null,
        null,
        null,
        null,
        null,
        null,
        null,
        null,
        null,
        null,
        null,
        null,
        null,
        null,
        null,
        null,
        null,
        null,
        null,
        null,
        null,
        null,
        null,
        null,
        null
      ],
      "/Users/christopherunderwood/Desktop/Hockey_Site/app/models/user.rb": [
        1,
        null,
        null,
        1,
        null,
        null
      ],
      "/Users/christopherunderwood/Desktop/Hockey_Site/app/controllers/application_controller.rb": [
        1,
        null,
        null,
        1,
        null,
        1,
        null,
        1,
        null,
        1,
        20,
        30,
        20,
        null,
        null
      ],
      "/Users/christopherunderwood/Desktop/Hockey_Site/app/helpers/application_helper.rb": [
        1,
        1,
        19,
        null,
        null
      ],
      "/Users/christopherunderwood/Desktop/Hockey_Site/app/helpers/comments_helper.rb": [
        1,
        null
      ],
      "/Users/christopherunderwood/Desktop/Hockey_Site/app/helpers/posts_helper.rb": [
        1,
        null
      ],
      "/Users/christopherunderwood/Desktop/Hockey_Site/app/controllers/api/posts_controller.rb": [
        1,
        1,
        1,
        null,
        1,
        0,
        0,
        null,
        null,
        null
      ],
      "/Users/christopherunderwood/Desktop/Hockey_Site/app/controllers/comments_controller.rb": [
        1,
        1,
        1,
        null,
        1,
        0,
        0,
        0,
        0,
        0,
        null,
        null,
        1,
        3,
        3,
        3,
        null,
        null,
        1,
        3,
        null,
        3,
        3,
        null,
        0,
        null,
        null,
        null,
        1,
        1,
        1,
        1,
        1,
        1,
        null,
        null,
        null,
        1,
        1,
        1,
        1,
        1,
        null,
        0,
        null,
        null,
        null,
        1,
        1,
        1,
        1,
        1,
        null,
        null,
        null,
        1,
        1,
        3,
        null,
        null,
        1,
        4,
        null,
        null
      ],
      "/Users/christopherunderwood/Desktop/Hockey_Site/app/controllers/posts_controller.rb": [
        1,
        1,
        1,
        null,
        null,
        1,
        20,
        20,
        null,
        null,
        null,
        1,
        19,
        19,
        19,
        null,
        null,
        null,
        1,
        8,
        8,
        null,
        null,
        null,
        1,
        8,
        null,
        8,
        8,
        8,
        8,
        16,
        null,
        null,
        0,
        0,
        0,
        0,
        null,
        null,
        null,
        null,
        null,
        1,
        1,
        1,
        1,
        1,
        null,
        null,
        null,
        null,
        1,
        1,
        0,
        0,
        0,
        0,
        1,
        1,
        1,
        null,
        0,
        null,
        null,
        null,
        null,
        1,
        1,
        null,
        null,
        null,
        1,
        1,
        null,
        1,
        1,
        null,
        null,
        1,
        null,
        1,
        22,
        null,
        null,
        null,
        1,
        9,
        null,
        null
      ],
      "/Users/christopherunderwood/Desktop/Hockey_Site/app/controllers/schedules_controller.rb": [
        1,
        1,
        1,
        1,
        null,
        1,
        0,
        null,
        0,
        null,
        0,
        0,
        null,
        null,
        0,
        null,
        0,
        null,
        0,
        null,
        0,
        0,
        null,
        null,
        0,
        null,
        0,
        0,
        0,
        0,
        0,
        null,
        null,
        null,
        null,
        null,
        null,
        null
      ],
      "/Users/christopherunderwood/Desktop/Hockey_Site/app/controllers/tags_controller.rb": [
        1,
        1,
        1,
        null,
        1,
        0,
        0,
        null,
        0,
        0,
        null,
        null,
        1,
        3,
        3,
        3,
        null,
        null,
        1,
        3,
        3,
        3,
        3,
        3,
        null,
        0,
        0,
        null,
        null,
        null,
        1,
        1,
        1,
        1,
        1,
        1,
        null,
        null,
        null,
        1,
        1,
        1,
        1,
        1,
        1,
        null,
        0,
        0,
        null,
        null,
        null,
        1,
        1,
        1,
        1,
        1,
        1,
        null,
        null,
        1,
        null,
        1,
        3,
        null,
        null,
        1,
        4,
        null,
        null,
        null
      ],
      "/Users/christopherunderwood/Desktop/Hockey_Site/app/controllers/team_stats_controller.rb": [
        1,
        1,
        1,
        1,
        null,
        null,
        null,
        1,
        null,
        null,
        1,
        null,
        1,
        null,
        null,
        1,
        1,
        null,
        null,
        1,
        null,
        1,
        null,
        1,
        null,
        1,
        1,
        null,
        null,
        1,
        null,
        1,
        1,
        28,
        28,
        28,
        28,
        28,
        28,
        28,
        28,
        28,
        28,
        28,
        null,
        null,
        null
      ],
      "/Users/christopherunderwood/Desktop/Hockey_Site/app/models/comment.rb": [
        1,
        1,
        null,
        1,
        null
      ],
      "/Users/christopherunderwood/Desktop/Hockey_Site/app/models/post.rb": [
        1,
        1,
        1,
        1,
        null,
        null
      ],
      "/Users/christopherunderwood/Desktop/Hockey_Site/app/models/posts_tags.rb": [
        1,
        null,
        null
      ],
      "/Users/christopherunderwood/Desktop/Hockey_Site/app/models/tag.rb": [
        1,
        1,
        null,
        1,
        null
      ],
      "/Users/christopherunderwood/Desktop/Hockey_Site/spec/factories.rb": [
        1,
        1,
        1,
        1,
        null,
        null,
        1,
        1,
        1,
        1,
        1,
        null,
        null,
        1,
        1,
        null,
        null,
        1,
        1,
        null,
        null
      ],
      "/Users/christopherunderwood/Desktop/Hockey_Site/spec/helpers/create_post_helper.rb": [
        1,
        null,
        1,
        7,
        7,
        7,
        7,
        7,
        null
      ],
      "/Users/christopherunderwood/Desktop/Hockey_Site/spec/features/add_post_spec.rb": [
        1,
        1,
        1,
        null,
        null,
        1,
        1,
        1,
        1,
        1,
        1,
        null,
        null
      ],
      "/Users/christopherunderwood/Desktop/Hockey_Site/spec/helpers/login_helper.rb": [
        1,
        null,
        1,
        10,
        10,
        10,
        10,
        10,
        null
      ],
      "/Users/christopherunderwood/Desktop/Hockey_Site/spec/features/add_tag_spec.rb": [
        1,
        1,
        null,
        1,
        1,
        1,
        1,
        1,
        1,
        1,
        1,
        1,
        1,
        1,
        1,
        null,
        null
      ],
      "/Users/christopherunderwood/Desktop/Hockey_Site/spec/features/delete_comment_spec.rb": [
        1,
        1,
        1,
        null,
        1,
        1,
        1,
        1,
        1,
        1,
        1,
        1,
        1,
        1,
        1,
        1,
        null,
        1,
        null,
        null
      ],
      "/Users/christopherunderwood/Desktop/Hockey_Site/spec/helpers/create_comment_helper.rb": [
        1,
        null,
        1,
        0,
        0,
        0,
        0,
        0,
        null
      ],
      "/Users/christopherunderwood/Desktop/Hockey_Site/spec/features/delete_post_spec.rb": [
        1,
        1,
        1,
        null,
        null,
        1,
        1,
        1,
        1,
        1,
        1,
        1,
        1,
        1,
        1,
        1,
        1,
        null,
        null
      ],
      "/Users/christopherunderwood/Desktop/Hockey_Site/spec/features/delete_tag_spec.rb": [
        1,
        1,
        1,
        null,
        1,
        1,
        1,
        1,
        1,
        1,
        1,
        1,
        1,
        1,
        1,
        1,
        1,
        null,
        1,
        null,
        null
      ],
      "/Users/christopherunderwood/Desktop/Hockey_Site/spec/features/edit_comment_spec.rb": [
        1,
        1,
        1,
        null,
        1,
        1,
        1,
        1,
        1,
        1,
        1,
        1,
        1,
        1,
        1,
        1,
        1,
        1,
        null,
        null
      ],
      "/Users/christopherunderwood/Desktop/Hockey_Site/spec/features/edit_post_spec.rb": [
        1,
        1,
        null,
        1,
        null,
        1,
        1,
        1,
        1,
        1,
        1,
        1,
        1,
        1,
        1,
        null,
        null
      ],
      "/Users/christopherunderwood/Desktop/Hockey_Site/spec/features/edit_tag_spec.rb": [
        1,
        1,
        1,
        null,
        1,
        1,
        1,
        1,
        1,
        1,
        1,
        1,
        1,
        1,
        1,
        1,
        1,
        1,
        1,
        null,
        null
      ],
      "/Users/christopherunderwood/Desktop/Hockey_Site/spec/features/view_team_stats_spec.rb": [
        1,
        null,
        1,
        1,
        1,
        1,
        1,
        null,
        null
      ],
      "/Users/christopherunderwood/Desktop/Hockey_Site/spec/models/comment_spec.rb": [
        1,
        null,
        1,
        2,
        2,
        null
      ],
      "/Users/christopherunderwood/Desktop/Hockey_Site/spec/models/post_spec.rb": [
        1,
        null,
        1,
        2,
        2,
        2,
        null
      ],
      "/Users/christopherunderwood/Desktop/Hockey_Site/spec/models/tag_spec.rb": [
        1,
        null,
        1,
        2,
        2,
        null
      ],
      "/Users/christopherunderwood/Desktop/Hockey_Site/spec/models/user_spec.rb": [
        1,
        null,
        1,
        null,
        null
      ]
    },
    "timestamp": 1456008686
  }
}
